Arguments: 
  /usr/local/bin/node /Users/ross/.yarn/bin/yarn.js add apollo-server-express express bcryptjs graphql json-webtoken prisma-client-lib prisma

PATH: 
  /Users/ross/.yarn/bin:/Users/ross/.config/yarn/global/node_modules/.bin:/usr/local/bin:/usr/bin:/bin:/usr/sbin:/sbin:/Applications/Postgres.app/Contents/Versions/latest/bin:/Users/ross/.yarn/bin:/Users/ross/.config/yarn/global/node_modules/.bin

Yarn version: 
  1.13.0

Node version: 
  8.11.2

Platform: 
  darwin x64

Trace: 
  Error: https://registry.yarnpkg.com/json-webtoken: Not found
      at Request.params.callback [as _callback] (/Users/ross/.yarn/lib/cli.js:66255:18)
      at Request.self.callback (/Users/ross/.yarn/lib/cli.js:129397:22)
      at emitTwo (events.js:126:13)
      at Request.emit (events.js:214:7)
      at Request.<anonymous> (/Users/ross/.yarn/lib/cli.js:130369:10)
      at emitOne (events.js:116:13)
      at Request.emit (events.js:211:7)
      at IncomingMessage.<anonymous> (/Users/ross/.yarn/lib/cli.js:130291:12)
      at Object.onceWrapper (events.js:313:30)
      at emitNone (events.js:111:20)

npm manifest: 
  {
    "name": "api-git",
    "version": "1.0.0",
    "main": "index.js",
    "repository": "https://github.com/rsbear/prisma-graphql-auth.git",
    "author": "rsbear <broderross@gmail.com>",
    "license": "MIT"
  }

yarn manifest: 
  No manifest

Lockfile: 
  No lockfile
